\BOOKMARK [0][-]{section*.4}{\376\377\000A\000b\000s\000t\000r\000a\000c\000t}{}% 1
\BOOKMARK [1][-]{section*.5}{\376\377\000S\000o\000m\000m\000a\000r\000i\000o}{section*.4}% 2
\BOOKMARK [0][-]{chapter*.6}{\376\377\000I\000n\000t\000r\000o\000d\000u\000c\000t\000i\000o\000n}{}% 3
\BOOKMARK [-1][-]{part.1}{\376\377\000I\000\040\000E\000m\000u\000l\000a\000t\000i\000o\000n\000\040\000o\000f\000\040\000a\000\040\000N\000e\000u\000r\000o\000n\000a\000l\000\040\000S\000y\000s\000t\000e\000m}{}% 4
\BOOKMARK [-1][-]{part.2}{\376\377\000I\000I\000\040\000F\000i\000n\000d\000i\000n\000g\000\040\000t\000h\000e\000\040\000R\000e\000a\000c\000t\000i\000o\000n\000\040\000T\000e\000r\000m\000\040\000i\000n\000\040\000a\000\040\000R\000e\000a\000c\000t\000i\000o\000n\000-\000D\000i\000f\000f\000u\000s\000i\000o\000n\000\040\000S\000y\000s\000t\000e\000m}{}% 5
\BOOKMARK [0][-]{chapter.1}{\376\377\000C\000h\000a\000p\000t\000e\000r\000\040\0004}{part.2}% 6
\BOOKMARK [1][-]{section.1.1}{\376\377\000P\000r\000o\000b\000l\000e\000m\000\040\000d\000e\000f\000i\000n\000i\000t\000i\000o\000n}{chapter.1}% 7
\BOOKMARK [2][-]{subsection.1.1.1}{\376\377\000R\000e\000a\000c\000t\000i\000o\000n\000-\000D\000i\000f\000f\000u\000s\000i\000o\000n\000\040\000D\000y\000n\000a\000m\000i\000c\000s\000\040\000o\000n\000\040\000C\000o\000m\000p\000l\000e\000x\000\040\000N\000e\000t\000w\000o\000r\000k\000s}{section.1.1}% 8
\BOOKMARK [1][-]{section.1.2}{\376\377\000M\000e\000t\000h\000o\000d\000o\000l\000o\000g\000y}{chapter.1}% 9
\BOOKMARK [2][-]{subsection.1.2.1}{\376\377\000P\000r\000o\000b\000l\000e\000m\000\040\000F\000o\000r\000m\000u\000l\000a\000t\000i\000o\000n}{section.1.2}% 10
\BOOKMARK [3][-]{subsubsection*.7}{\376\377\000E\000x\000p\000e\000r\000i\000m\000e\000n\000t\000a\000l\000\040\000D\000e\000s\000i\000g\000n\000:\000\040\000H\000i\000e\000r\000a\000r\000c\000h\000y\000\040\000o\000f\000\040\000I\000n\000d\000u\000c\000t\000i\000v\000e\000\040\000B\000i\000a\000s}{subsection.1.2.1}% 11
\BOOKMARK [3][-]{subsubsection*.8}{\376\377\000L\000e\000v\000e\000l\000\040\0001\000:\000\040\000T\000o\000t\000a\000l\000l\000y\000\040\000B\000l\000i\000n\000d\000\040\000\050\000B\000l\000a\000c\000k\000-\000B\000o\000x\000\051}{subsection.1.2.1}% 12
\BOOKMARK [3][-]{subsubsection*.9}{\376\377\000L\000e\000v\000e\000l\000\040\0002\000:\000\040\000P\000h\000y\000s\000i\000c\000s\000-\000I\000n\000f\000o\000r\000m\000e\000d\000\040\000\050\000H\000y\000b\000r\000i\000d\000\040\000N\000o\000d\000a\000l\000\051}{subsection.1.2.1}% 13
\BOOKMARK [3][-]{subsubsection*.10}{\376\377\000L\000e\000v\000e\000l\000\040\0003\000:\000\040\000T\000o\000p\000o\000l\000o\000g\000y\000-\000I\000n\000f\000o\000r\000m\000e\000d\000\040\000\050\000H\000y\000b\000r\000i\000d\000\040\000S\000p\000e\000c\000t\000r\000a\000l\000\051}{subsection.1.2.1}% 14
\BOOKMARK [2][-]{subsection.1.2.2}{\376\377\000T\000r\000a\000i\000n\000i\000n\000g\000\040\000O\000b\000j\000e\000c\000t\000i\000v\000e\000:\000\040\000C\000o\000m\000p\000o\000s\000i\000t\000e\000\040\000L\000o\000s\000s\000\040\000S\000t\000r\000a\000t\000e\000g\000y}{section.1.2}% 15
\BOOKMARK [2][-]{subsection.1.2.3}{\376\377\000G\000r\000o\000u\000n\000d\000\040\000T\000r\000u\000t\000h\000\040\000R\000e\000a\000c\000t\000i\000o\000n\000\040\000E\000x\000t\000r\000a\000c\000t\000i\000o\000n}{section.1.2}% 16
\BOOKMARK [3][-]{subsubsection*.11}{\376\377\000L\000o\000s\000s\000\040\000C\000o\000m\000p\000o\000n\000e\000n\000t\000s}{subsection.1.2.3}% 17
\BOOKMARK [2][-]{subsection.1.2.4}{\376\377\000N\000e\000u\000r\000a\000l\000\040\000A\000r\000c\000h\000i\000t\000e\000c\000t\000u\000r\000e\000s\000\040\000I\000m\000p\000l\000e\000m\000e\000n\000t\000a\000t\000i\000o\000n}{section.1.2}% 18
\BOOKMARK [2][-]{subsection.1.2.5}{\376\377\000T\000r\000a\000i\000n\000i\000n\000g\000\040\000D\000e\000t\000a\000i\000l\000s}{section.1.2}% 19
\BOOKMARK [1][-]{section.1.3}{\376\377\000E\000x\000a\000m\000p\000l\000e\000\040\0001\000:\000\040\000A\000l\000l\000e\000n\000-\000C\000a\000h\000n\000\040\000o\000n\000\040\000G\000r\000a\000p\000h\000\040\000\050\000H\000i\000e\000r\000a\000r\000c\000h\000y\000\040\000o\000f\000\040\000I\000n\000d\000u\000c\000t\000i\000v\000e\000\040\000B\000i\000a\000s\000\051}{chapter.1}% 20
\BOOKMARK [2][-]{subsection.1.3.1}{\376\377\000D\000a\000t\000a\000\040\000G\000e\000n\000e\000r\000a\000t\000i\000o\000n}{section.1.3}% 21
\BOOKMARK [2][-]{subsection.1.3.2}{\376\377\000G\000r\000a\000p\000h\000\040\000T\000o\000p\000o\000l\000o\000g\000y}{section.1.3}% 22
\BOOKMARK [2][-]{subsection.1.3.3}{\376\377\000D\000y\000n\000a\000m\000i\000c\000s\000:\000\040\000A\000l\000l\000e\000n\000-\000C\000a\000h\000n\000\040\000o\000n\000\040\000G\000r\000a\000p\000h\000s}{section.1.3}% 23
\BOOKMARK [2][-]{subsection.1.3.4}{\376\377\000R\000e\000s\000u\000l\000t\000s\000\040\000a\000n\000d\000\040\000D\000i\000s\000c\000u\000s\000s\000i\000o\000n}{section.1.3}% 24
\BOOKMARK [3][-]{subsubsection*.13}{\376\377\000Q\000u\000a\000n\000t\000i\000t\000a\000t\000i\000v\000e\000\040\000A\000n\000a\000l\000y\000s\000i\000s\000:\000\040\000E\000r\000r\000o\000r\000\040\000D\000i\000s\000t\000r\000i\000b\000u\000t\000i\000o\000n}{subsection.1.3.4}% 25
\BOOKMARK [2][-]{subsection.1.3.5}{\376\377\000D\000i\000s\000c\000u\000s\000s\000i\000o\000n}{section.1.3}% 26
\BOOKMARK [1][-]{section.1.4}{\376\377\000E\000x\000a\000m\000p\000l\000e\000\040\0002\000:\000\040\000t\000h\000e\000\040\000c\000a\000s\000e\000\040\000o\000f\000\040\000F\000i\000t\000z\000H\000u\000g\000h\000-\000N\000a\000g\000u\000m\000o}{chapter.1}% 27
\BOOKMARK [2][-]{subsection.1.4.1}{\376\377\000M\000o\000t\000i\000v\000a\000t\000i\000o\000n}{section.1.4}% 28
\BOOKMARK [2][-]{subsection.1.4.2}{\376\377\000G\000r\000a\000p\000h\000\040\000T\000o\000p\000o\000l\000o\000g\000y}{section.1.4}% 29
\BOOKMARK [2][-]{subsection.1.4.3}{\376\377\000D\000y\000n\000a\000m\000i\000c\000s\000:\000\040\000F\000i\000t\000z\000H\000u\000g\000h\000-\000N\000a\000g\000u\000m\000o\000\040\000o\000n\000\040\000G\000r\000a\000p\000h\000s}{section.1.4}% 30
\BOOKMARK [2][-]{subsection.1.4.4}{\376\377\000T\000r\000a\000i\000n\000i\000n\000g\000\040\000D\000e\000t\000a\000i\000l\000s}{section.1.4}% 31
\BOOKMARK [2][-]{subsection.1.4.5}{\376\377\000R\000e\000s\000u\000l\000t\000s}{section.1.4}% 32
\BOOKMARK [2][-]{subsection.1.4.6}{\376\377\000T\000h\000e\000\040\000I\000n\000v\000e\000r\000s\000e\000\040\000P\000r\000o\000b\000l\000e\000m}{section.1.4}% 33
\BOOKMARK [0][-]{chapter*.26}{\376\377\000C\000o\000n\000c\000l\000u\000s\000i\000o\000n\000s}{part.2}% 34
\BOOKMARK [0][-]{appendix.1.A}{\376\377\000N\000u\000m\000e\000r\000i\000c\000a\000l\000\040\000I\000n\000t\000e\000g\000r\000a\000t\000i\000o\000n}{part.2}% 35
\BOOKMARK [0][-]{appendix.1.B}{\376\377\000A\000n\000a\000l\000y\000s\000i\000s\000\040\000o\000f\000\040\000t\000h\000e\000\040\000d\000y\000n\000a\000m\000i\000c\000s\000\040\000o\000f\000\040\000F\000H\000\040\000o\000n\000\040\000a\000\040\000B\000A\000\040\000n\000e\000t\000w\000o\000r\000k}{part.2}% 36
\BOOKMARK [1][-]{section.1.B.1}{\376\377\000I\000n\000t\000r\000o\000d\000u\000c\000t\000i\000o\000n}{appendix.1.B}% 37
\BOOKMARK [1][-]{section.1.B.2}{\376\377\000S\000i\000n\000g\000l\000e\000\040\000N\000e\000u\000r\000o\000n\000\040\000B\000e\000h\000a\000v\000i\000o\000r}{appendix.1.B}% 38
\BOOKMARK [1][-]{section.1.B.3}{\376\377\000B\000A\000\040\000N\000e\000t\000w\000o\000r\000k}{appendix.1.B}% 39
\BOOKMARK [0][-]{appendix.1.C}{\376\377\000N\000u\000m\000e\000r\000i\000c\000a\000l\000\040\000I\000n\000t\000e\000g\000r\000a\000t\000i\000o\000n\000\040\0002}{part.2}% 40
\BOOKMARK [1][-]{section.1.C.1}{\376\377\000I\000M\000E\000X\000\040\000s\000c\000h\000e\000m\000e}{appendix.1.C}% 41
\BOOKMARK [0][-]{section*.29}{\376\377\000B\000i\000b\000l\000i\000o\000g\000r\000a\000p\000h\000y}{part.2}% 42
\BOOKMARK [0][-]{section*.31}{\376\377\000A\000c\000k\000n\000o\000w\000l\000e\000d\000g\000m\000e\000n\000t\000s}{part.2}% 43
